2021-01-08 16:34:46,199 - Log4JLogChute initialized using file 'velocity.log'
2021-01-08 16:34:46,202 - Initializing Velocity, Calling init()...
2021-01-08 16:34:46,202 - Starting Apache Velocity v1.7 (compiled: 2010-11-19 12:14:37)
2021-01-08 16:34:46,202 - Default Properties File: org\apache\velocity\runtime\defaults\velocity.properties
2021-01-08 16:34:46,203 - Trying to use logger class org.apache.velocity.runtime.log.AvalonLogChute
2021-01-08 16:34:46,203 - Target log system for org.apache.velocity.runtime.log.AvalonLogChute is not available (java.lang.NoClassDefFoundError: org/apache/log/format/Formatter).  Falling back to next log system...
2021-01-08 16:34:46,203 - Trying to use logger class org.apache.velocity.runtime.log.Log4JLogChute
2021-01-08 16:34:46,204 - Using logger class org.apache.velocity.runtime.log.Log4JLogChute
2021-01-08 16:34:46,206 - ResourceLoader instantiated: org.apache.velocity.runtime.resource.loader.FileResourceLoader
2021-01-08 16:34:46,207 - Do unicode file recognition:  false
2021-01-08 16:34:46,207 - FileResourceLoader : adding path '.'
2021-01-08 16:34:46,208 - ResourceCache: initialized (class org.apache.velocity.runtime.resource.ResourceCacheImpl) with class java.util.Collections$SynchronizedMap cache map.
2021-01-08 16:34:46,213 - Loaded System Directive: org.apache.velocity.runtime.directive.Stop
2021-01-08 16:34:46,214 - Loaded System Directive: org.apache.velocity.runtime.directive.Define
2021-01-08 16:34:46,214 - Loaded System Directive: org.apache.velocity.runtime.directive.Break
2021-01-08 16:34:46,214 - Loaded System Directive: org.apache.velocity.runtime.directive.Evaluate
2021-01-08 16:34:46,214 - Loaded System Directive: org.apache.velocity.runtime.directive.Literal
2021-01-08 16:34:46,215 - Loaded System Directive: org.apache.velocity.runtime.directive.Macro
2021-01-08 16:34:46,215 - Loaded System Directive: org.apache.velocity.runtime.directive.Parse
2021-01-08 16:34:46,215 - Loaded System Directive: org.apache.velocity.runtime.directive.Include
2021-01-08 16:34:46,215 - Loaded System Directive: org.apache.velocity.runtime.directive.Foreach
2021-01-08 16:34:46,219 - Created '20' parsers.
2021-01-08 16:34:46,219 - Velocimacro : "velocimacro.library" is not set.  Trying default library: VM_global_library.vm
2021-01-08 16:34:46,219 - Velocimacro : Default library not found.
2021-01-08 16:34:46,219 - Velocimacro : allowInline = true : VMs can be defined inline in templates
2021-01-08 16:34:46,220 - Velocimacro : allowInlineToOverride = false : VMs defined inline may NOT replace previous VM definitions
2021-01-08 16:34:46,220 - Velocimacro : allowInlineLocal = false : VMs defined inline will be global in scope if allowed.
2021-01-08 16:34:46,220 - Velocimacro : autoload off : VM system will not automatically reload global library macros
2021-01-08 18:20:55,733 - Log4JLogChute initialized using file 'velocity.log'
2021-01-08 18:20:55,734 - Initializing Velocity, Calling init()...
2021-01-08 18:20:55,734 - Starting Apache Velocity v1.7 (compiled: 2010-11-19 12:14:37)
2021-01-08 18:20:55,734 - Default Properties File: org\apache\velocity\runtime\defaults\velocity.properties
2021-01-08 18:20:55,734 - Trying to use logger class org.apache.velocity.runtime.log.AvalonLogChute
2021-01-08 18:20:55,734 - Target log system for org.apache.velocity.runtime.log.AvalonLogChute is not available (java.lang.NoClassDefFoundError: org/apache/log/format/Formatter).  Falling back to next log system...
2021-01-08 18:20:55,734 - Trying to use logger class org.apache.velocity.runtime.log.Log4JLogChute
2021-01-08 18:20:55,734 - Using logger class org.apache.velocity.runtime.log.Log4JLogChute
2021-01-08 18:20:55,734 - ResourceLoader instantiated: org.apache.velocity.runtime.resource.loader.FileResourceLoader
2021-01-08 18:20:55,734 - Do unicode file recognition:  false
2021-01-08 18:20:55,734 - FileResourceLoader : adding path '.'
2021-01-08 18:20:55,734 - ResourceCache: initialized (class org.apache.velocity.runtime.resource.ResourceCacheImpl) with class java.util.Collections$SynchronizedMap cache map.
2021-01-08 18:20:55,735 - Loaded System Directive: org.apache.velocity.runtime.directive.Stop
2021-01-08 18:20:55,735 - Loaded System Directive: org.apache.velocity.runtime.directive.Define
2021-01-08 18:20:55,735 - Loaded System Directive: org.apache.velocity.runtime.directive.Break
2021-01-08 18:20:55,735 - Loaded System Directive: org.apache.velocity.runtime.directive.Evaluate
2021-01-08 18:20:55,735 - Loaded System Directive: org.apache.velocity.runtime.directive.Literal
2021-01-08 18:20:55,735 - Loaded System Directive: org.apache.velocity.runtime.directive.Macro
2021-01-08 18:20:55,735 - Loaded System Directive: org.apache.velocity.runtime.directive.Parse
2021-01-08 18:20:55,735 - Loaded System Directive: org.apache.velocity.runtime.directive.Include
2021-01-08 18:20:55,735 - Loaded System Directive: org.apache.velocity.runtime.directive.Foreach
2021-01-08 18:20:55,736 - Created '20' parsers.
2021-01-08 18:20:55,736 - Velocimacro : "velocimacro.library" is not set.  Trying default library: VM_global_library.vm
2021-01-08 18:20:55,736 - Velocimacro : Default library not found.
2021-01-08 18:20:55,736 - Velocimacro : allowInline = true : VMs can be defined inline in templates
2021-01-08 18:20:55,736 - Velocimacro : allowInlineToOverride = false : VMs defined inline may NOT replace previous VM definitions
2021-01-08 18:20:55,736 - Velocimacro : allowInlineLocal = false : VMs defined inline will be global in scope if allowed.
2021-01-08 18:20:55,736 - Velocimacro : autoload off : VM system will not automatically reload global library macros
2021-01-08 18:22:04,136 - Log4JLogChute initialized using file 'velocity.log'
2021-01-08 18:22:04,136 - Initializing Velocity, Calling init()...
2021-01-08 18:22:04,136 - Starting Apache Velocity v1.7 (compiled: 2010-11-19 12:14:37)
2021-01-08 18:22:04,136 - Default Properties File: org\apache\velocity\runtime\defaults\velocity.properties
2021-01-08 18:22:04,136 - Trying to use logger class org.apache.velocity.runtime.log.AvalonLogChute
2021-01-08 18:22:04,136 - Target log system for org.apache.velocity.runtime.log.AvalonLogChute is not available (java.lang.NoClassDefFoundError: org/apache/log/format/Formatter).  Falling back to next log system...
2021-01-08 18:22:04,136 - Trying to use logger class org.apache.velocity.runtime.log.Log4JLogChute
2021-01-08 18:22:04,136 - Using logger class org.apache.velocity.runtime.log.Log4JLogChute
2021-01-08 18:22:04,136 - ResourceLoader instantiated: org.apache.velocity.runtime.resource.loader.FileResourceLoader
2021-01-08 18:22:04,136 - Do unicode file recognition:  false
2021-01-08 18:22:04,136 - FileResourceLoader : adding path '.'
2021-01-08 18:22:04,137 - ResourceCache: initialized (class org.apache.velocity.runtime.resource.ResourceCacheImpl) with class java.util.Collections$SynchronizedMap cache map.
2021-01-08 18:22:04,137 - Loaded System Directive: org.apache.velocity.runtime.directive.Stop
2021-01-08 18:22:04,137 - Loaded System Directive: org.apache.velocity.runtime.directive.Define
2021-01-08 18:22:04,137 - Loaded System Directive: org.apache.velocity.runtime.directive.Break
2021-01-08 18:22:04,137 - Loaded System Directive: org.apache.velocity.runtime.directive.Evaluate
2021-01-08 18:22:04,137 - Loaded System Directive: org.apache.velocity.runtime.directive.Literal
2021-01-08 18:22:04,137 - Loaded System Directive: org.apache.velocity.runtime.directive.Macro
2021-01-08 18:22:04,137 - Loaded System Directive: org.apache.velocity.runtime.directive.Parse
2021-01-08 18:22:04,137 - Loaded System Directive: org.apache.velocity.runtime.directive.Include
2021-01-08 18:22:04,137 - Loaded System Directive: org.apache.velocity.runtime.directive.Foreach
2021-01-08 18:22:04,138 - Created '20' parsers.
2021-01-08 18:22:04,138 - Velocimacro : "velocimacro.library" is not set.  Trying default library: VM_global_library.vm
2021-01-08 18:22:04,138 - Velocimacro : Default library not found.
2021-01-08 18:22:04,138 - Velocimacro : allowInline = true : VMs can be defined inline in templates
2021-01-08 18:22:04,138 - Velocimacro : allowInlineToOverride = false : VMs defined inline may NOT replace previous VM definitions
2021-01-08 18:22:04,138 - Velocimacro : allowInlineLocal = false : VMs defined inline will be global in scope if allowed.
2021-01-08 18:22:04,138 - Velocimacro : autoload off : VM system will not automatically reload global library macros
